2023-11-05 17:03:06.516 [main] INFO  api.test.userTests - ***********Creating User***********
2023-11-05 17:03:13.828 [main] INFO  api.test.userTests - ***********User is created***********
2023-11-05 17:03:13.835 [main] INFO  api.test.userTests - ***********User is getting***********
2023-11-05 17:03:14.690 [main] INFO  api.test.userTests - ***********Updating User***********
2023-11-05 17:03:15.666 [main] INFO  api.test.userTests - ***********Updating Deleted***********
2023-11-05 17:03:17.962 [main] INFO  api.test.userTests - ***********Getting Deleted User***********
2023-11-05 17:31:56.018 [main] INFO  api.test.userTests2 - ***********Creating User***********
2023-11-05 17:31:59.604 [main] INFO  api.test.userTests2 - ***********User is created***********
2023-11-05 17:31:59.611 [main] INFO  api.test.userTests2 - ***********User is getting***********
2023-11-05 17:32:00.512 [main] INFO  api.test.userTests2 - ***********Updating User***********
2023-11-05 17:32:01.156 [main] INFO  api.test.userTests2 - ***********Updating Deleted***********
2023-11-05 17:32:01.815 [main] INFO  api.test.userTests2 - ***********Getting Deleted User***********
2023-11-05 17:50:05.271 [main] INFO  api.test.userTests - ***********Creating User***********
2023-11-05 17:50:08.996 [main] INFO  api.test.userTests - ***********User is created***********
2023-11-05 17:50:09.004 [main] INFO  api.test.userTests - ***********User is getting***********
2023-11-05 17:50:09.671 [main] INFO  api.test.userTests - ***********Updating User***********
2023-11-05 17:50:10.344 [main] INFO  api.test.userTests - ***********Updating Deleted***********
2023-11-05 17:50:10.916 [main] INFO  api.test.userTests - ***********Getting Deleted User***********
2023-11-05 17:52:42.866 [main] INFO  api.test.userTests - ***********Creating User***********
2023-11-05 17:52:46.281 [main] INFO  api.test.userTests - ***********User is created***********
2023-11-05 17:52:46.286 [main] INFO  api.test.userTests - ***********User is getting***********
2023-11-05 17:52:46.957 [main] INFO  api.test.userTests - ***********Updating User***********
2023-11-05 17:52:47.612 [main] INFO  api.test.userTests - ***********Updating Deleted***********
2023-11-05 17:52:48.200 [main] INFO  api.test.userTests - ***********Getting Deleted User***********
2023-11-05 17:56:37.878 [main] INFO  api.test.userTests - ***********Creating User***********
2023-11-05 17:56:43.018 [main] INFO  api.test.userTests - ***********User is getting***********
2023-11-05 17:56:43.652 [main] INFO  api.test.userTests - ***********Updating User***********
2023-11-05 17:56:44.241 [main] INFO  api.test.userTests - ***********Updating Deleted***********
2023-11-05 17:56:44.827 [main] INFO  api.test.userTests - ***********Getting Deleted User***********
2023-11-05 17:57:56.442 [main] INFO  api.test.userTests - ***********Creating User***********
2023-11-05 17:57:59.616 [main] INFO  api.test.userTests - ***********User is created***********
2023-11-05 17:57:59.621 [main] INFO  api.test.userTests - ***********User is getting***********
2023-11-05 17:58:00.240 [main] INFO  api.test.userTests - ***********Updating User***********
2023-11-05 17:58:00.987 [main] INFO  api.test.userTests - ***********Updating Deleted***********
2023-11-05 17:58:01.483 [main] INFO  api.test.userTests - ***********Getting Deleted User***********
2023-11-05 18:34:07.054 [main] INFO  api.test.userTests - ***********Creating User***********
2023-11-05 18:34:12.601 [main] INFO  api.test.userTests - ***********User is created***********
2023-11-05 18:34:12.608 [main] INFO  api.test.userTests - ***********User is getting***********
2023-11-05 18:34:16.618 [main] INFO  api.test.userTests - ***********Updating User***********
2023-11-05 18:34:18.906 [main] INFO  api.test.userTests - ***********Updating Deleted***********
2023-11-05 18:34:20.737 [main] INFO  api.test.userTests - ***********Getting Deleted User***********
